!SESSION 2023-08-23 21:32:47.751 -----------------------------------------------
eclipse.buildId=4.9.0.I20180906-0745
java.version=1.8.0_11
java.vendor=Oracle Corporation
BootLoader constants: OS=win32, ARCH=x86, WS=win32, NL=en_US
Framework arguments:  -product org.eclipse.epp.package.java.product
Command-line arguments:  -os win32 -ws win32 -arch x86 -product org.eclipse.epp.package.java.product

!ENTRY org.eclipse.osgi 4 0 2023-08-23 21:34:11.376
!MESSAGE Application error
!STACK 1
org.eclipse.swt.SWTError: No more handles
	at org.eclipse.swt.SWT.error(SWT.java:4621)
	at org.eclipse.swt.SWT.error(SWT.java:4510)
	at org.eclipse.swt.SWT.error(SWT.java:4481)
	at org.eclipse.swt.widgets.Widget.error(Widget.java:451)
	at org.eclipse.swt.widgets.Control.createHandle(Control.java:721)
	at org.eclipse.swt.widgets.Composite.createHandle(Composite.java:295)
	at org.eclipse.swt.widgets.Decorations.createHandle(Decorations.java:378)
	at org.eclipse.swt.widgets.Shell.createHandle(Shell.java:595)
	at org.eclipse.swt.widgets.Control.createWidget(Control.java:761)
	at org.eclipse.swt.widgets.Scrollable.createWidget(Scrollable.java:154)
	at org.eclipse.swt.widgets.Decorations.createWidget(Decorations.java:387)
	at org.eclipse.swt.widgets.Shell.<init>(Shell.java:302)
	at org.eclipse.swt.widgets.Shell.<init>(Shell.java:381)
	at org.eclipse.jface.window.Window.createShell(Window.java:485)
	at org.eclipse.jface.window.Window.create(Window.java:428)
	at org.eclipse.jface.dialogs.Dialog.create(Dialog.java:1099)
	at org.eclipse.jface.window.Window.open(Window.java:786)
	at org.eclipse.ui.internal.ide.application.IDEApplication.checkInstanceLocation(IDEApplication.java:329)
	at org.eclipse.ui.internal.ide.application.IDEApplication.start(IDEApplication.java:145)
	at org.eclipse.equinox.internal.app.EclipseAppHandle.run(EclipseAppHandle.java:199)
	at org.eclipse.core.runtime.internal.adaptor.EclipseAppLauncher.runApplication(EclipseAppLauncher.java:137)
	at org.eclipse.core.runtime.internal.adaptor.EclipseAppLauncher.start(EclipseAppLauncher.java:107)
	at org.eclipse.core.runtime.adaptor.EclipseStarter.run(EclipseStarter.java:391)
	at org.eclipse.core.runtime.adaptor.EclipseStarter.run(EclipseStarter.java:246)
	at sun.reflect.NativeMethodAccessorImpl.invoke0(Native Method)
	at sun.reflect.NativeMethodAccessorImpl.invoke(Unknown Source)
	at sun.reflect.DelegatingMethodAccessorImpl.invoke(Unknown Source)
	at java.lang.reflect.Method.invoke(Unknown Source)
	at org.eclipse.equinox.launcher.Main.invokeFramework(Main.java:659)
	at org.eclipse.equinox.launcher.Main.basicRun(Main.java:595)
	at org.eclipse.equinox.launcher.Main.run(Main.java:1501)
